  [1m[35m (1287.7ms)[0m  [1m[35mCREATE DATABASE "MapiriAndalamaApp_development" ENCODING = 'unicode'[0m
  [1m[35m (823.4ms)[0m  [1m[35mCREATE DATABASE "MapiriAndalamaApp_test" ENCODING = 'unicode'[0m
Started GET "/" for ::1 at 2020-07-24 04:42:59 -0500
Processing by HomeController#index as HTML
  Rendering home/index.html.erb within layouts/application
  Rendered home/index.html.erb within layouts/application (Duration: 3.4ms | Allocations: 296)
Completed 200 OK in 328ms (Views: 302.6ms | ActiveRecord: 0.0ms | Allocations: 76106)


Started GET "/" for ::1 at 2020-07-24 04:43:09 -0500
Processing by HomeController#index as HTML
  Rendering home/index.html.erb within layouts/application
  Rendered home/index.html.erb within layouts/application (Duration: 0.0ms | Allocations: 5)
Completed 200 OK in 21ms (Views: 19.2ms | ActiveRecord: 0.0ms | Allocations: 16824)


Started GET "/" for ::1 at 2020-07-24 04:43:12 -0500
Processing by HomeController#index as HTML
  Rendering home/index.html.erb within layouts/application
  Rendered home/index.html.erb within layouts/application (Duration: 0.0ms | Allocations: 5)
Completed 200 OK in 23ms (Views: 21.3ms | ActiveRecord: 0.0ms | Allocations: 16820)


Started GET "/" for ::1 at 2020-07-24 04:43:13 -0500
Processing by HomeController#index as HTML
  Rendering home/index.html.erb within layouts/application
  Rendered home/index.html.erb within layouts/application (Duration: 0.0ms | Allocations: 4)
Completed 200 OK in 25ms (Views: 22.0ms | ActiveRecord: 0.0ms | Allocations: 16818)


Started GET "/" for ::1 at 2020-07-24 04:43:13 -0500
Processing by HomeController#index as HTML
  Rendering home/index.html.erb within layouts/application
  Rendered home/index.html.erb within layouts/application (Duration: 0.0ms | Allocations: 4)
Completed 200 OK in 26ms (Views: 23.1ms | ActiveRecord: 0.0ms | Allocations: 16818)


Started GET "/" for ::1 at 2020-07-24 04:43:14 -0500
Processing by HomeController#index as HTML
  Rendering home/index.html.erb within layouts/application
  Rendered home/index.html.erb within layouts/application (Duration: 0.1ms | Allocations: 4)
Completed 200 OK in 23ms (Views: 20.8ms | ActiveRecord: 0.0ms | Allocations: 16816)


Started GET "/" for ::1 at 2020-07-24 04:43:14 -0500
Processing by HomeController#index as HTML
  Rendering home/index.html.erb within layouts/application
  Rendered home/index.html.erb within layouts/application (Duration: 0.0ms | Allocations: 5)
Completed 200 OK in 45ms (Views: 42.4ms | ActiveRecord: 0.0ms | Allocations: 16866)


Started GET "/" for ::1 at 2020-07-24 04:43:15 -0500
Processing by HomeController#index as HTML
  Rendering home/index.html.erb within layouts/application
  Rendered home/index.html.erb within layouts/application (Duration: 0.0ms | Allocations: 4)
Completed 200 OK in 27ms (Views: 24.0ms | ActiveRecord: 0.0ms | Allocations: 16823)


Started GET "/" for ::1 at 2020-07-24 04:50:32 -0500
Processing by HomeController#index as HTML
  Rendering home/index.html.erb within layouts/application
  Rendered home/index.html.erb within layouts/application (Duration: 0.6ms | Allocations: 184)
Completed 200 OK in 262ms (Views: 251.8ms | ActiveRecord: 0.0ms | Allocations: 73524)


Started GET "/" for ::1 at 2020-07-24 04:50:33 -0500
Processing by HomeController#index as HTML
  Rendering home/index.html.erb within layouts/application
  Rendered home/index.html.erb within layouts/application (Duration: 0.1ms | Allocations: 5)
Completed 200 OK in 20ms (Views: 18.5ms | ActiveRecord: 0.0ms | Allocations: 16831)


Started GET "/" for ::1 at 2020-07-24 04:53:18 -0500
Processing by HomeController#index as HTML
  Rendering home/index.html.erb within layouts/application
  Rendered home/index.html.erb within layouts/application (Duration: 0.9ms | Allocations: 184)
Completed 200 OK in 371ms (Views: 359.3ms | ActiveRecord: 0.0ms | Allocations: 73645)


